I 1 8207.452947245
E 0 2 0 0.000517093 140720520803152 4
E 0 3 0 0.002388382 140720520803152 4
E 0 4 0 0.004049625 140720520803152 4
L 0 5 0 0.005176974 140720520800736 4
L 0 6 0 0.005840437 140720520801600 4
E 0 7 0 0.006356718 140720520803152 4
L 0 8 0 0.006675605 140720520800736 4
L 0 9 0 0.007351197 140720520801600 4
E 0 10 0 0.008041795 140720520803152 4
L 0 11 0 0.008898840 140720520800736 4
L 0 12 0 0.008900958 140720520800592 4
L 0 13 0 0.009975173 140720520801600 4
L 0 14 0 0.009977050 140720520801456 4
E 0 15 0 0.010742652 140720520803152 4
L 0 16 0 0.011558630 140720520800736 4
L 0 17 0 0.011566480 140720520800592 4
L 0 18 0 0.012678874 140720520801600 4
L 0 19 0 0.012686143 140720520801456 4
E 0 20 0 0.014172934 140720520803152 4
L 0 21 0 0.015459376 140720520800736 4
L 0 22 0 0.015471593 140720520800592 4
L 0 23 0 0.015473825 140720520800352 4
L 0 24 0 0.016459219 140720520801600 4
L 0 25 0 0.016464615 140720520801456 4
L 0 26 0 0.016467664 140720520801312 4
E 0 27 0 0.017034430 140720520803152 4
L 0 28 0 0.017413191 140720520800736 4
L 0 29 0 0.017415196 140720520800592 4
L 0 30 0 0.017415970 140720520800352 4
L 0 31 0 0.018257723 140720520801600 4
L 0 32 0 0.018259903 140720520801456 4
L 0 33 0 0.018262871 140720520801312 4
E 1 34 1 0.018694956 140720520803152 4
L 1 35 1 0.018697517 140720520801520 4
E 1 36 1 0.019494432 140720520803152 4
L 1 37 1 0.019496571 140720520801520 4
E 1 38 1 0.021321134 140720520803152 4
L 1 39 1 0.021351602 140720520801520 4
L 1 40 1 0.021355469 140720520801376 4
L 1 41 1 0.021359484 140720520801136 4
E 2 42 2 0.024698833 140720520803152 4
L 2 43 2 0.026783457 140720520801616 4
L 2 44 2 0.027439920 140720520801616 4
E 1 45 1 0.029053174 140720520803152 4
L 1 46 1 0.029071688 140720520801520 4
E 1 47 1 0.030550984 140720520803152 4
L 1 48 1 0.030556657 140720520801520 4
L 1 49 1 0.030557755 140720520801376 4
L 1 50 1 0.030558433 140720520801136 4
L 1 51 1 0.030559176 140720520800896 4
F 52 8207.484878866 0.031931621
